<?xml version="1.0" encoding="UTF-8"?>
<testsuite xmlns:xsi="http://www.w3.org/2001/XMLSchema-instance" xsi:noNamespaceSchemaLocation="https://maven.apache.org/surefire/maven-surefire-plugin/xsd/surefire-test-report-3.0.xsd" version="3.0" name="com.example.rewards.controller.RewardControllerIntegrationTest" time="4.479" tests="1" errors="0" skipped="0" failures="0">
  <properties>
[...]
</properties>
  <testcase name="getRewards_returnsOkAndNonEmptyCustomerList" classname="com.example.rewards.controller.RewardControllerIntegrationTest" time="1.186">
    <system-out><![CDATA[19:48:03.202 [main] INFO org.springframework.test.context.support.AnnotationConfigContextLoaderUtils -- Could not detect default configuration classes for test class [com.example.rewards.controller.RewardControllerIntegrationTest]: RewardControllerIntegrationTest does not declare any static, non-private, non-final, nested classes annotated with @Configuration.
19:48:03.436 [main] INFO org.springframework.boot.test.context.SpringBootTestContextBootstrapper -- Found @SpringBootConfiguration com.example.rewards.RewardsApiApplication for test class com.example.rewards.controller.RewardControllerIntegrationTest

  .   ____          _            __ _ _
 /\\ / ___'_ __ _ _(_)_ __  __ _ \ \ \ \
( ( )\___ | '_ | '_| | '_ \/ _` | \ \ \ \
 \\/  ___)| |_)| | | | | || (_| |  ) ) ) )
  '  |____| .__|_| |_|_| |_\__, | / / / /
 =========|_|==============|___/=/_/_/_/

 :: Spring Boot ::                (v3.3.4)

2026-08-06T19:48:04.196+05:30  INFO 20048 --- [rewards-api] [           main] c.e.r.c.RewardControllerIntegrationTest  : Starting RewardControllerIntegrationTest using Java 25.0.2 with PID 20048 (started by HP in C:\Users\HP\Downloads\rewards-api\rewards-api)
2026-08-06T19:48:04.198+05:30  INFO 20048 --- [rewards-api] [           main] c.e.r.c.RewardControllerIntegrationTest  : No active profile set, falling back to 1 default profile: "default"
2026-08-06T19:48:06.143+05:30  INFO 20048 --- [rewards-api] [           main] o.s.b.t.m.w.SpringBootMockServletContext : Initializing Spring TestDispatcherServlet ''
2026-08-06T19:48:06.144+05:30  INFO 20048 --- [rewards-api] [           main] o.s.t.web.servlet.TestDispatcherServlet  : Initializing Servlet ''
2026-08-06T19:48:06.146+05:30  INFO 20048 --- [rewards-api] [           main] o.s.t.web.servlet.TestDispatcherServlet  : Completed initialization in 1 ms
2026-08-06T19:48:06.185+05:30  INFO 20048 --- [rewards-api] [           main] c.e.r.c.RewardControllerIntegrationTest  : Started RewardControllerIntegrationTest in 2.485 seconds (process running for 4.255)
]]></system-out>
    <system-err><![CDATA[WARNING: A Java agent has been loaded dynamically (C:\Users\HP\.m2\repository\net\bytebuddy\byte-buddy-agent\1.14.19\byte-buddy-agent-1.14.19.jar)
WARNING: If a serviceability tool is in use, please run with -XX:+EnableDynamicAgentLoading to hide this warning
WARNING: If a serviceability tool is not in use, please run with -Djdk.instrument.traceUsage for more information
WARNING: Dynamic loading of agents will be disallowed by default in a future release
]]></system-err>
  </testcase>
</testsuite>